[0.009s] Invoking command in '/home/jens/Documents/GitHub/Robotteknologi-4.-semester/ViconUdpConnection/build/my_cpp_pkg': CMAKE_PREFIX_PATH=${CMAKE_PREFIX_PATH}:/opt/ros/jazzy DEBUGINFOD_URLS=https://debuginfod.ubuntu.com /usr/bin/cmake /home/jens/Documents/GitHub/Robotteknologi-4.-semester/ViconUdpConnection/src/my_cpp_pkg -DCMAKE_INSTALL_PREFIX=/home/jens/Documents/GitHub/Robotteknologi-4.-semester/ViconUdpConnection/install/my_cpp_pkg
[0.106s] -- The C compiler identification is GNU 13.3.0
[0.180s] -- The CXX compiler identification is GNU 13.3.0
[0.199s] -- Detecting C compiler ABI info
[0.281s] -- Detecting C compiler ABI info - done
[0.289s] -- Check for working C compiler: /usr/bin/cc - skipped
[0.289s] -- Detecting C compile features
[0.290s] -- Detecting C compile features - done
[0.299s] -- Detecting CXX compiler ABI info
[0.387s] -- Detecting CXX compiler ABI info - done
[0.394s] -- Check for working CXX compiler: /usr/bin/c++ - skipped
[0.394s] -- Detecting CXX compile features
[0.395s] -- Detecting CXX compile features - done
[0.402s] -- Found ament_cmake: 2.5.3 (/opt/ros/jazzy/share/ament_cmake/cmake)
[0.540s] -- Found Python3: /usr/bin/python3 (found version "3.12.3") found components: Interpreter 
[0.678s] -- Found rclcpp: 28.1.6 (/opt/ros/jazzy/share/rclcpp/cmake)
[0.727s] -- Found rosidl_generator_c: 4.6.5 (/opt/ros/jazzy/share/rosidl_generator_c/cmake)
[0.741s] -- Found rosidl_generator_cpp: 4.6.5 (/opt/ros/jazzy/share/rosidl_generator_cpp/cmake)
[0.760s] -- Using all available rosidl_typesupport_c: rosidl_typesupport_fastrtps_c;rosidl_typesupport_introspection_c
[0.780s] -- Using all available rosidl_typesupport_cpp: rosidl_typesupport_fastrtps_cpp;rosidl_typesupport_introspection_cpp
[0.863s] -- Found rmw_implementation_cmake: 7.3.1 (/opt/ros/jazzy/share/rmw_implementation_cmake/cmake)
[0.867s] -- Found rmw_fastrtps_cpp: 8.4.1 (/opt/ros/jazzy/share/rmw_fastrtps_cpp/cmake)
[0.950s] -- Found OpenSSL: /usr/lib/x86_64-linux-gnu/libcrypto.so (found version "3.0.13")  
[0.967s] -- Found FastRTPS: /opt/ros/jazzy/include (Required is at least version "2.13") 
[0.987s] -- Using RMW implementation 'rmw_fastrtps_cpp' as default
[1.066s] -- Found std_msgs: 5.3.5 (/opt/ros/jazzy/share/std_msgs/cmake)
[1.082s] -- Found ament_lint_auto: 0.17.1 (/opt/ros/jazzy/share/ament_lint_auto/cmake)
[1.174s] -- Added test 'cppcheck' to perform static code analysis on C / C++ code
[1.174s] -- Configured cppcheck include dirs: 
[1.174s] -- Configured cppcheck exclude dirs and/or files: 
[1.175s] -- Added test 'lint_cmake' to check CMake code style
[1.176s] -- Added test 'uncrustify' to check C / C++ code style
[1.176s] -- Configured uncrustify additional arguments: 
[1.177s] -- Added test 'xmllint' to check XML markup files
[1.179s] -- Configuring done (1.1s)
[1.183s] -- Generating done (0.0s)
[1.186s] -- Build files have been written to: /home/jens/Documents/GitHub/Robotteknologi-4.-semester/ViconUdpConnection/build/my_cpp_pkg
[1.194s] Invoked command in '/home/jens/Documents/GitHub/Robotteknologi-4.-semester/ViconUdpConnection/build/my_cpp_pkg' returned '0': CMAKE_PREFIX_PATH=${CMAKE_PREFIX_PATH}:/opt/ros/jazzy DEBUGINFOD_URLS=https://debuginfod.ubuntu.com /usr/bin/cmake /home/jens/Documents/GitHub/Robotteknologi-4.-semester/ViconUdpConnection/src/my_cpp_pkg -DCMAKE_INSTALL_PREFIX=/home/jens/Documents/GitHub/Robotteknologi-4.-semester/ViconUdpConnection/install/my_cpp_pkg
[1.195s] Invoking command in '/home/jens/Documents/GitHub/Robotteknologi-4.-semester/ViconUdpConnection/build/my_cpp_pkg': CMAKE_PREFIX_PATH=${CMAKE_PREFIX_PATH}:/opt/ros/jazzy DEBUGINFOD_URLS=https://debuginfod.ubuntu.com /usr/bin/cmake --build /home/jens/Documents/GitHub/Robotteknologi-4.-semester/ViconUdpConnection/build/my_cpp_pkg -- -j12 -l12
[1.237s] Invoked command in '/home/jens/Documents/GitHub/Robotteknologi-4.-semester/ViconUdpConnection/build/my_cpp_pkg' returned '0': CMAKE_PREFIX_PATH=${CMAKE_PREFIX_PATH}:/opt/ros/jazzy DEBUGINFOD_URLS=https://debuginfod.ubuntu.com /usr/bin/cmake --build /home/jens/Documents/GitHub/Robotteknologi-4.-semester/ViconUdpConnection/build/my_cpp_pkg -- -j12 -l12
[1.246s] Invoking command in '/home/jens/Documents/GitHub/Robotteknologi-4.-semester/ViconUdpConnection/build/my_cpp_pkg': CMAKE_PREFIX_PATH=${CMAKE_PREFIX_PATH}:/opt/ros/jazzy DEBUGINFOD_URLS=https://debuginfod.ubuntu.com /usr/bin/cmake --install /home/jens/Documents/GitHub/Robotteknologi-4.-semester/ViconUdpConnection/build/my_cpp_pkg
[1.253s] -- Install configuration: ""
[1.253s] -- Installing: /home/jens/Documents/GitHub/Robotteknologi-4.-semester/ViconUdpConnection/install/my_cpp_pkg/share/ament_index/resource_index/package_run_dependencies/my_cpp_pkg
[1.253s] -- Installing: /home/jens/Documents/GitHub/Robotteknologi-4.-semester/ViconUdpConnection/install/my_cpp_pkg/share/ament_index/resource_index/parent_prefix_path/my_cpp_pkg
[1.254s] -- Installing: /home/jens/Documents/GitHub/Robotteknologi-4.-semester/ViconUdpConnection/install/my_cpp_pkg/share/my_cpp_pkg/environment/ament_prefix_path.sh
[1.254s] -- Installing: /home/jens/Documents/GitHub/Robotteknologi-4.-semester/ViconUdpConnection/install/my_cpp_pkg/share/my_cpp_pkg/environment/ament_prefix_path.dsv
[1.254s] -- Installing: /home/jens/Documents/GitHub/Robotteknologi-4.-semester/ViconUdpConnection/install/my_cpp_pkg/share/my_cpp_pkg/environment/path.sh
[1.254s] -- Installing: /home/jens/Documents/GitHub/Robotteknologi-4.-semester/ViconUdpConnection/install/my_cpp_pkg/share/my_cpp_pkg/environment/path.dsv
[1.254s] -- Installing: /home/jens/Documents/GitHub/Robotteknologi-4.-semester/ViconUdpConnection/install/my_cpp_pkg/share/my_cpp_pkg/local_setup.bash
[1.254s] -- Installing: /home/jens/Documents/GitHub/Robotteknologi-4.-semester/ViconUdpConnection/install/my_cpp_pkg/share/my_cpp_pkg/local_setup.sh
[1.254s] -- Installing: /home/jens/Documents/GitHub/Robotteknologi-4.-semester/ViconUdpConnection/install/my_cpp_pkg/share/my_cpp_pkg/local_setup.zsh
[1.255s] -- Installing: /home/jens/Documents/GitHub/Robotteknologi-4.-semester/ViconUdpConnection/install/my_cpp_pkg/share/my_cpp_pkg/local_setup.dsv
[1.255s] -- Installing: /home/jens/Documents/GitHub/Robotteknologi-4.-semester/ViconUdpConnection/install/my_cpp_pkg/share/my_cpp_pkg/package.dsv
[1.255s] -- Installing: /home/jens/Documents/GitHub/Robotteknologi-4.-semester/ViconUdpConnection/install/my_cpp_pkg/share/ament_index/resource_index/packages/my_cpp_pkg
[1.255s] -- Installing: /home/jens/Documents/GitHub/Robotteknologi-4.-semester/ViconUdpConnection/install/my_cpp_pkg/share/my_cpp_pkg/cmake/my_cpp_pkgConfig.cmake
[1.255s] -- Installing: /home/jens/Documents/GitHub/Robotteknologi-4.-semester/ViconUdpConnection/install/my_cpp_pkg/share/my_cpp_pkg/cmake/my_cpp_pkgConfig-version.cmake
[1.255s] -- Installing: /home/jens/Documents/GitHub/Robotteknologi-4.-semester/ViconUdpConnection/install/my_cpp_pkg/share/my_cpp_pkg/package.xml
[1.257s] Invoked command in '/home/jens/Documents/GitHub/Robotteknologi-4.-semester/ViconUdpConnection/build/my_cpp_pkg' returned '0': CMAKE_PREFIX_PATH=${CMAKE_PREFIX_PATH}:/opt/ros/jazzy DEBUGINFOD_URLS=https://debuginfod.ubuntu.com /usr/bin/cmake --install /home/jens/Documents/GitHub/Robotteknologi-4.-semester/ViconUdpConnection/build/my_cpp_pkg
