-- Found ament_cmake: 2.5.3 (/opt/ros/jazzy/share/ament_cmake/cmake)
-- Found rclcpp: 28.1.6 (/opt/ros/jazzy/share/rclcpp/cmake)
-- Found rosidl_generator_c: 4.6.5 (/opt/ros/jazzy/share/rosidl_generator_c/cmake)
-- Found rosidl_generator_cpp: 4.6.5 (/opt/ros/jazzy/share/rosidl_generator_cpp/cmake)
-- Using all available rosidl_typesupport_c: rosidl_typesupport_fastrtps_c;rosidl_typesupport_introspection_c
-- Using all available rosidl_typesupport_cpp: rosidl_typesupport_fastrtps_cpp;rosidl_typesupport_introspection_cpp
-- Found rmw_implementation_cmake: 7.3.1 (/opt/ros/jazzy/share/rmw_implementation_cmake/cmake)
-- Found rmw_fastrtps_cpp: 8.4.1 (/opt/ros/jazzy/share/rmw_fastrtps_cpp/cmake)
-- Using RMW implementation 'rmw_fastrtps_cpp' as default
-- Found std_msgs: 5.3.5 (/opt/ros/jazzy/share/std_msgs/cmake)
-- Configuring done (0.5s)
-- Generating done (0.0s)
-- Build files have been written to: /home/jens/Documents/GitHub/Robotteknologi-4.-semester/ViconUdpConnection/build/my_cpp_pkg
[ 50%] [32mBuilding CXX object CMakeFiles/receiver.dir/src/Resiever.cpp.o[0m
[100%] [32m[1mLinking CXX executable receiver[0m
[100%] Built target receiver
-- Install configuration: ""
-- Installing: /home/jens/Documents/GitHub/Robotteknologi-4.-semester/ViconUdpConnection/install/my_cpp_pkg/lib/my_cpp_pkg/receiver
-- Set non-toolchain portion of runtime path of "/home/jens/Documents/GitHub/Robotteknologi-4.-semester/ViconUdpConnection/install/my_cpp_pkg/lib/my_cpp_pkg/receiver" to ""
-- Up-to-date: /home/jens/Documents/GitHub/Robotteknologi-4.-semester/ViconUdpConnection/install/my_cpp_pkg/share/ament_index/resource_index/package_run_dependencies/my_cpp_pkg
-- Installing: /home/jens/Documents/GitHub/Robotteknologi-4.-semester/ViconUdpConnection/install/my_cpp_pkg/share/ament_index/resource_index/parent_prefix_path/my_cpp_pkg
-- Up-to-date: /home/jens/Documents/GitHub/Robotteknologi-4.-semester/ViconUdpConnection/install/my_cpp_pkg/share/my_cpp_pkg/environment/ament_prefix_path.sh
-- Up-to-date: /home/jens/Documents/GitHub/Robotteknologi-4.-semester/ViconUdpConnection/install/my_cpp_pkg/share/my_cpp_pkg/environment/ament_prefix_path.dsv
-- Up-to-date: /home/jens/Documents/GitHub/Robotteknologi-4.-semester/ViconUdpConnection/install/my_cpp_pkg/share/my_cpp_pkg/environment/path.sh
-- Up-to-date: /home/jens/Documents/GitHub/Robotteknologi-4.-semester/ViconUdpConnection/install/my_cpp_pkg/share/my_cpp_pkg/environment/path.dsv
-- Up-to-date: /home/jens/Documents/GitHub/Robotteknologi-4.-semester/ViconUdpConnection/install/my_cpp_pkg/share/my_cpp_pkg/local_setup.bash
-- Up-to-date: /home/jens/Documents/GitHub/Robotteknologi-4.-semester/ViconUdpConnection/install/my_cpp_pkg/share/my_cpp_pkg/local_setup.sh
-- Up-to-date: /home/jens/Documents/GitHub/Robotteknologi-4.-semester/ViconUdpConnection/install/my_cpp_pkg/share/my_cpp_pkg/local_setup.zsh
-- Up-to-date: /home/jens/Documents/GitHub/Robotteknologi-4.-semester/ViconUdpConnection/install/my_cpp_pkg/share/my_cpp_pkg/local_setup.dsv
-- Installing: /home/jens/Documents/GitHub/Robotteknologi-4.-semester/ViconUdpConnection/install/my_cpp_pkg/share/my_cpp_pkg/package.dsv
-- Up-to-date: /home/jens/Documents/GitHub/Robotteknologi-4.-semester/ViconUdpConnection/install/my_cpp_pkg/share/ament_index/resource_index/packages/my_cpp_pkg
-- Up-to-date: /home/jens/Documents/GitHub/Robotteknologi-4.-semester/ViconUdpConnection/install/my_cpp_pkg/share/my_cpp_pkg/cmake/my_cpp_pkgConfig.cmake
-- Up-to-date: /home/jens/Documents/GitHub/Robotteknologi-4.-semester/ViconUdpConnection/install/my_cpp_pkg/share/my_cpp_pkg/cmake/my_cpp_pkgConfig-version.cmake
-- Up-to-date: /home/jens/Documents/GitHub/Robotteknologi-4.-semester/ViconUdpConnection/install/my_cpp_pkg/share/my_cpp_pkg/package.xml
