[0.022s] Invoking command in '/home/jens/Documents/GitHub/Robotteknologi-4.-semester/ViconUdpConnection/build/my_cpp_pkg': CMAKE_PREFIX_PATH=${CMAKE_PREFIX_PATH}:/opt/ros/jazzy DEBUGINFOD_URLS=https://debuginfod.ubuntu.com /usr/bin/cmake --build /home/jens/Documents/GitHub/Robotteknologi-4.-semester/ViconUdpConnection/build/my_cpp_pkg -- -j12 -l12
[0.098s] -- Found ament_cmake: 2.5.3 (/opt/ros/jazzy/share/ament_cmake/cmake)
[0.523s] -- Found rclcpp: 28.1.6 (/opt/ros/jazzy/share/rclcpp/cmake)
[0.584s] -- Found rosidl_generator_c: 4.6.5 (/opt/ros/jazzy/share/rosidl_generator_c/cmake)
[0.602s] -- Found rosidl_generator_cpp: 4.6.5 (/opt/ros/jazzy/share/rosidl_generator_cpp/cmake)
[0.628s] -- Using all available rosidl_typesupport_c: rosidl_typesupport_fastrtps_c;rosidl_typesupport_introspection_c
[0.658s] -- Using all available rosidl_typesupport_cpp: rosidl_typesupport_fastrtps_cpp;rosidl_typesupport_introspection_cpp
[0.789s] -- Found rmw_implementation_cmake: 7.3.1 (/opt/ros/jazzy/share/rmw_implementation_cmake/cmake)
[0.793s] -- Found rmw_fastrtps_cpp: 8.4.1 (/opt/ros/jazzy/share/rmw_fastrtps_cpp/cmake)
[0.924s] -- Using RMW implementation 'rmw_fastrtps_cpp' as default
[1.060s] -- Found std_msgs: 5.3.5 (/opt/ros/jazzy/share/std_msgs/cmake)
[1.249s] -- Configuring done (1.2s)
[1.272s] -- Generating done (0.0s)
[1.279s] -- Build files have been written to: /home/jens/Documents/GitHub/Robotteknologi-4.-semester/ViconUdpConnection/build/my_cpp_pkg
[1.353s] [ 50%] [32mBuilding CXX object CMakeFiles/receiver.dir/src/Reciever.cpp.o[0m
[5.247s] [01m[K/home/jens/Documents/GitHub/Robotteknologi-4.-semester/ViconUdpConnection/src/my_cpp_pkg/src/Reciever.cpp:[m[K In function ‘[01m[Kint[01;32m[K main[m[K(int, char**)[m[K’:
[5.248s] [01m[K/home/jens/Documents/GitHub/Robotteknologi-4.-semester/ViconUdpConnection/src/my_cpp_pkg/src/Reciever.cpp:15:18:[m[K [01;35m[Kwarning: [m[Kunsigned conversion from ‘[01m[Kint[m[K’ to ‘[01m[Kuint16_t[m[K’ {aka ‘[01m[Kshort unsigned int[m[K’} changes value from ‘[01m[K808080[m[K’ to ‘[01m[K21648[m[K’ [[01;35m[K]8;;https://gcc.gnu.org/onlinedocs/gcc/Warning-Options.html#index-Woverflow-Woverflow]8;;[m[K]
[5.248s]    15 | #define PORT     [01;35m[K808080[m[K
[5.248s]       |                  [01;35m[K^~~~~~[m[K
[5.248s] [01m[K/home/jens/Documents/GitHub/Robotteknologi-4.-semester/ViconUdpConnection/src/my_cpp_pkg/src/Reciever.cpp:59:31:[m[K [01;36m[Knote: [m[Kin expansion of macro ‘[01m[KPORT[m[K’
[5.248s]    59 |     servaddr.sin_port = htons([01;36m[KPORT[m[K);
[5.248s]       |                               [01;36m[K^~~~[m[K
[8.568s] [100%] [32m[1mLinking CXX executable receiver[0m
[8.860s] [100%] Built target receiver
[8.881s] Invoked command in '/home/jens/Documents/GitHub/Robotteknologi-4.-semester/ViconUdpConnection/build/my_cpp_pkg' returned '0': CMAKE_PREFIX_PATH=${CMAKE_PREFIX_PATH}:/opt/ros/jazzy DEBUGINFOD_URLS=https://debuginfod.ubuntu.com /usr/bin/cmake --build /home/jens/Documents/GitHub/Robotteknologi-4.-semester/ViconUdpConnection/build/my_cpp_pkg -- -j12 -l12
[8.900s] Invoking command in '/home/jens/Documents/GitHub/Robotteknologi-4.-semester/ViconUdpConnection/build/my_cpp_pkg': CMAKE_PREFIX_PATH=${CMAKE_PREFIX_PATH}:/opt/ros/jazzy DEBUGINFOD_URLS=https://debuginfod.ubuntu.com /usr/bin/cmake --install /home/jens/Documents/GitHub/Robotteknologi-4.-semester/ViconUdpConnection/build/my_cpp_pkg
[8.914s] -- Install configuration: ""
[8.914s] -- Installing: /home/jens/Documents/GitHub/Robotteknologi-4.-semester/ViconUdpConnection/install/my_cpp_pkg/lib/my_cpp_pkg/receiver
[8.917s] -- Set non-toolchain portion of runtime path of "/home/jens/Documents/GitHub/Robotteknologi-4.-semester/ViconUdpConnection/install/my_cpp_pkg/lib/my_cpp_pkg/receiver" to ""
[8.917s] -- Up-to-date: /home/jens/Documents/GitHub/Robotteknologi-4.-semester/ViconUdpConnection/install/my_cpp_pkg/share/ament_index/resource_index/package_run_dependencies/my_cpp_pkg
[8.918s] -- Up-to-date: /home/jens/Documents/GitHub/Robotteknologi-4.-semester/ViconUdpConnection/install/my_cpp_pkg/share/ament_index/resource_index/parent_prefix_path/my_cpp_pkg
[8.918s] -- Up-to-date: /home/jens/Documents/GitHub/Robotteknologi-4.-semester/ViconUdpConnection/install/my_cpp_pkg/share/my_cpp_pkg/environment/ament_prefix_path.sh
[8.918s] -- Up-to-date: /home/jens/Documents/GitHub/Robotteknologi-4.-semester/ViconUdpConnection/install/my_cpp_pkg/share/my_cpp_pkg/environment/ament_prefix_path.dsv
[8.918s] -- Up-to-date: /home/jens/Documents/GitHub/Robotteknologi-4.-semester/ViconUdpConnection/install/my_cpp_pkg/share/my_cpp_pkg/environment/path.sh
[8.918s] -- Up-to-date: /home/jens/Documents/GitHub/Robotteknologi-4.-semester/ViconUdpConnection/install/my_cpp_pkg/share/my_cpp_pkg/environment/path.dsv
[8.918s] -- Up-to-date: /home/jens/Documents/GitHub/Robotteknologi-4.-semester/ViconUdpConnection/install/my_cpp_pkg/share/my_cpp_pkg/local_setup.bash
[8.918s] -- Up-to-date: /home/jens/Documents/GitHub/Robotteknologi-4.-semester/ViconUdpConnection/install/my_cpp_pkg/share/my_cpp_pkg/local_setup.sh
[8.919s] -- Up-to-date: /home/jens/Documents/GitHub/Robotteknologi-4.-semester/ViconUdpConnection/install/my_cpp_pkg/share/my_cpp_pkg/local_setup.zsh
[8.919s] -- Up-to-date: /home/jens/Documents/GitHub/Robotteknologi-4.-semester/ViconUdpConnection/install/my_cpp_pkg/share/my_cpp_pkg/local_setup.dsv
[8.919s] -- Installing: /home/jens/Documents/GitHub/Robotteknologi-4.-semester/ViconUdpConnection/install/my_cpp_pkg/share/my_cpp_pkg/package.dsv
[8.919s] -- Up-to-date: /home/jens/Documents/GitHub/Robotteknologi-4.-semester/ViconUdpConnection/install/my_cpp_pkg/share/ament_index/resource_index/packages/my_cpp_pkg
[8.919s] -- Up-to-date: /home/jens/Documents/GitHub/Robotteknologi-4.-semester/ViconUdpConnection/install/my_cpp_pkg/share/my_cpp_pkg/cmake/my_cpp_pkgConfig.cmake
[8.919s] -- Up-to-date: /home/jens/Documents/GitHub/Robotteknologi-4.-semester/ViconUdpConnection/install/my_cpp_pkg/share/my_cpp_pkg/cmake/my_cpp_pkgConfig-version.cmake
[8.919s] -- Up-to-date: /home/jens/Documents/GitHub/Robotteknologi-4.-semester/ViconUdpConnection/install/my_cpp_pkg/share/my_cpp_pkg/package.xml
[8.922s] Invoked command in '/home/jens/Documents/GitHub/Robotteknologi-4.-semester/ViconUdpConnection/build/my_cpp_pkg' returned '0': CMAKE_PREFIX_PATH=${CMAKE_PREFIX_PATH}:/opt/ros/jazzy DEBUGINFOD_URLS=https://debuginfod.ubuntu.com /usr/bin/cmake --install /home/jens/Documents/GitHub/Robotteknologi-4.-semester/ViconUdpConnection/build/my_cpp_pkg
