[0.167s] DEBUG:colcon:Command line arguments: ['/usr/bin/colcon', 'build']
[0.167s] DEBUG:colcon:Parsed command line arguments: Namespace(log_base=None, log_level=None, verb_name='build', build_base='build', install_base='install', merge_install=False, symlink_install=False, test_result_base=None, continue_on_error=False, executor='parallel', parallel_workers=12, event_handlers=None, ignore_user_meta=False, metas=['./colcon.meta'], base_paths=['.'], packages_ignore=None, packages_ignore_regex=None, paths=None, packages_up_to=None, packages_up_to_regex=None, packages_above=None, packages_above_and_dependencies=None, packages_above_depth=None, packages_select_by_dep=None, packages_skip_by_dep=None, packages_skip_up_to=None, packages_select_build_failed=False, packages_skip_build_finished=False, packages_select_test_failures=False, packages_skip_test_passed=False, packages_select=None, packages_skip=None, packages_select_regex=None, packages_skip_regex=None, packages_start=None, packages_end=None, allow_overriding=[], cmake_args=None, cmake_target=None, cmake_target_skip_unavailable=False, cmake_clean_cache=False, cmake_clean_first=False, cmake_force_configure=False, ament_cmake_args=None, catkin_cmake_args=None, catkin_skip_building_tests=False, mixin_files=None, mixin=None, verb_parser=<colcon_mixin.mixin.mixin_argument.MixinArgumentDecorator object at 0x727def36e900>, verb_extension=<colcon_core.verb.build.BuildVerb object at 0x727def36d9a0>, main=<bound method BuildVerb.main of <colcon_core.verb.build.BuildVerb object at 0x727def36d9a0>>, mixin_verb=('build',))
[0.229s] Level 1:colcon.colcon_core.package_discovery:discover_packages(colcon_meta) check parameters
[0.229s] Level 1:colcon.colcon_core.package_discovery:discover_packages(recursive) check parameters
[0.229s] Level 1:colcon.colcon_core.package_discovery:discover_packages(ignore) check parameters
[0.229s] Level 1:colcon.colcon_core.package_discovery:discover_packages(path) check parameters
[0.229s] Level 1:colcon.colcon_core.package_discovery:discover_packages(colcon_meta) discover
[0.230s] Level 1:colcon.colcon_core.package_discovery:discover_packages(recursive) discover
[0.230s] INFO:colcon.colcon_core.package_discovery:Crawling recursively for packages in '/home/jens/Documents/GitHub/Robotteknologi-4.-semester/ViconUdpConnection'
[0.230s] Level 1:colcon.colcon_core.package_identification:_identify(.) by extensions ['ignore', 'ignore_ament_install']
[0.230s] Level 1:colcon.colcon_core.package_identification:_identify(.) by extension 'ignore'
[0.230s] Level 1:colcon.colcon_core.package_identification:_identify(.) by extension 'ignore_ament_install'
[0.230s] Level 1:colcon.colcon_core.package_identification:_identify(.) by extensions ['colcon_pkg']
[0.230s] Level 1:colcon.colcon_core.package_identification:_identify(.) by extension 'colcon_pkg'
[0.230s] Level 1:colcon.colcon_core.package_identification:_identify(.) by extensions ['colcon_meta']
[0.230s] Level 1:colcon.colcon_core.package_identification:_identify(.) by extension 'colcon_meta'
[0.230s] Level 1:colcon.colcon_core.package_identification:_identify(.) by extensions ['ros']
[0.230s] Level 1:colcon.colcon_core.package_identification:_identify(.) by extension 'ros'
[0.279s] Level 1:colcon.colcon_core.package_identification:_identify(.) by extensions ['cmake', 'python']
[0.279s] Level 1:colcon.colcon_core.package_identification:_identify(.) by extension 'cmake'
[0.279s] Level 1:colcon.colcon_core.package_identification:_identify(.) by extension 'python'
[0.279s] Level 1:colcon.colcon_core.package_identification:_identify(.) by extensions ['python_setup_py']
[0.279s] Level 1:colcon.colcon_core.package_identification:_identify(.) by extension 'python_setup_py'
[0.280s] Level 1:colcon.colcon_core.package_identification:_identify(build) by extensions ['ignore', 'ignore_ament_install']
[0.280s] Level 1:colcon.colcon_core.package_identification:_identify(build) by extension 'ignore'
[0.280s] Level 1:colcon.colcon_core.package_identification:_identify(build) ignored
[0.280s] Level 1:colcon.colcon_core.package_identification:_identify(install) by extensions ['ignore', 'ignore_ament_install']
[0.280s] Level 1:colcon.colcon_core.package_identification:_identify(install) by extension 'ignore'
[0.280s] Level 1:colcon.colcon_core.package_identification:_identify(install) ignored
[0.281s] Level 1:colcon.colcon_core.package_identification:_identify(log) by extensions ['ignore', 'ignore_ament_install']
[0.281s] Level 1:colcon.colcon_core.package_identification:_identify(log) by extension 'ignore'
[0.281s] Level 1:colcon.colcon_core.package_identification:_identify(log) ignored
[0.281s] Level 1:colcon.colcon_core.package_identification:_identify(src) by extensions ['ignore', 'ignore_ament_install']
[0.281s] Level 1:colcon.colcon_core.package_identification:_identify(src) by extension 'ignore'
[0.281s] Level 1:colcon.colcon_core.package_identification:_identify(src) by extension 'ignore_ament_install'
[0.281s] Level 1:colcon.colcon_core.package_identification:_identify(src) by extensions ['colcon_pkg']
[0.281s] Level 1:colcon.colcon_core.package_identification:_identify(src) by extension 'colcon_pkg'
[0.281s] Level 1:colcon.colcon_core.package_identification:_identify(src) by extensions ['colcon_meta']
[0.282s] Level 1:colcon.colcon_core.package_identification:_identify(src) by extension 'colcon_meta'
[0.282s] Level 1:colcon.colcon_core.package_identification:_identify(src) by extensions ['ros']
[0.282s] Level 1:colcon.colcon_core.package_identification:_identify(src) by extension 'ros'
[0.282s] Level 1:colcon.colcon_core.package_identification:_identify(src) by extensions ['cmake', 'python']
[0.282s] Level 1:colcon.colcon_core.package_identification:_identify(src) by extension 'cmake'
[0.282s] Level 1:colcon.colcon_core.package_identification:_identify(src) by extension 'python'
[0.282s] Level 1:colcon.colcon_core.package_identification:_identify(src) by extensions ['python_setup_py']
[0.282s] Level 1:colcon.colcon_core.package_identification:_identify(src) by extension 'python_setup_py'
[0.282s] Level 1:colcon.colcon_core.package_identification:_identify(src/my_cpp_pkg) by extensions ['ignore', 'ignore_ament_install']
[0.282s] Level 1:colcon.colcon_core.package_identification:_identify(src/my_cpp_pkg) by extension 'ignore'
[0.282s] Level 1:colcon.colcon_core.package_identification:_identify(src/my_cpp_pkg) by extension 'ignore_ament_install'
[0.283s] Level 1:colcon.colcon_core.package_identification:_identify(src/my_cpp_pkg) by extensions ['colcon_pkg']
[0.283s] Level 1:colcon.colcon_core.package_identification:_identify(src/my_cpp_pkg) by extension 'colcon_pkg'
[0.283s] Level 1:colcon.colcon_core.package_identification:_identify(src/my_cpp_pkg) by extensions ['colcon_meta']
[0.283s] Level 1:colcon.colcon_core.package_identification:_identify(src/my_cpp_pkg) by extension 'colcon_meta'
[0.283s] Level 1:colcon.colcon_core.package_identification:_identify(src/my_cpp_pkg) by extensions ['ros']
[0.283s] Level 1:colcon.colcon_core.package_identification:_identify(src/my_cpp_pkg) by extension 'ros'
[0.287s] DEBUG:colcon.colcon_core.package_identification:Package 'src/my_cpp_pkg' with type 'ros.ament_cmake' and name 'my_cpp_pkg'
[0.288s] Level 1:colcon.colcon_core.package_discovery:discover_packages(recursive) using defaults
[0.288s] Level 1:colcon.colcon_core.package_discovery:discover_packages(ignore) discover
[0.288s] Level 1:colcon.colcon_core.package_discovery:discover_packages(ignore) using defaults
[0.288s] Level 1:colcon.colcon_core.package_discovery:discover_packages(path) discover
[0.288s] Level 1:colcon.colcon_core.package_discovery:discover_packages(path) using defaults
[0.318s] Level 1:colcon.colcon_core.package_discovery:discover_packages(prefix_path) check parameters
[0.319s] Level 1:colcon.colcon_core.package_discovery:discover_packages(prefix_path) discover
[0.322s] DEBUG:colcon.colcon_installed_package_information.package_discovery:Found 1 installed packages in /home/jens/Documents/GitHub/Robotteknologi-4.-semester/ViconUdpConnection/install
[0.323s] DEBUG:colcon.colcon_installed_package_information.package_discovery:Found 4 installed packages in /home/jens/ros2_ws/install
[0.325s] DEBUG:colcon.colcon_installed_package_information.package_discovery:Found 290 installed packages in /opt/ros/jazzy
[0.327s] Level 1:colcon.colcon_core.package_discovery:discover_packages(prefix_path) using defaults
[0.401s] Level 5:colcon.colcon_core.verb:set package 'my_cpp_pkg' build argument 'cmake_args' from command line to 'None'
[0.401s] Level 5:colcon.colcon_core.verb:set package 'my_cpp_pkg' build argument 'cmake_target' from command line to 'None'
[0.402s] Level 5:colcon.colcon_core.verb:set package 'my_cpp_pkg' build argument 'cmake_target_skip_unavailable' from command line to 'False'
[0.402s] Level 5:colcon.colcon_core.verb:set package 'my_cpp_pkg' build argument 'cmake_clean_cache' from command line to 'False'
[0.402s] Level 5:colcon.colcon_core.verb:set package 'my_cpp_pkg' build argument 'cmake_clean_first' from command line to 'False'
[0.402s] Level 5:colcon.colcon_core.verb:set package 'my_cpp_pkg' build argument 'cmake_force_configure' from command line to 'False'
[0.402s] Level 5:colcon.colcon_core.verb:set package 'my_cpp_pkg' build argument 'ament_cmake_args' from command line to 'None'
[0.402s] Level 5:colcon.colcon_core.verb:set package 'my_cpp_pkg' build argument 'catkin_cmake_args' from command line to 'None'
[0.402s] Level 5:colcon.colcon_core.verb:set package 'my_cpp_pkg' build argument 'catkin_skip_building_tests' from command line to 'False'
[0.402s] DEBUG:colcon.colcon_core.verb:Building package 'my_cpp_pkg' with the following arguments: {'ament_cmake_args': None, 'build_base': '/home/jens/Documents/GitHub/Robotteknologi-4.-semester/ViconUdpConnection/build/my_cpp_pkg', 'catkin_cmake_args': None, 'catkin_skip_building_tests': False, 'cmake_args': None, 'cmake_clean_cache': False, 'cmake_clean_first': False, 'cmake_force_configure': False, 'cmake_target': None, 'cmake_target_skip_unavailable': False, 'install_base': '/home/jens/Documents/GitHub/Robotteknologi-4.-semester/ViconUdpConnection/install/my_cpp_pkg', 'merge_install': False, 'path': '/home/jens/Documents/GitHub/Robotteknologi-4.-semester/ViconUdpConnection/src/my_cpp_pkg', 'symlink_install': False, 'test_result_base': None}
[0.402s] INFO:colcon.colcon_core.executor:Executing jobs using 'parallel' executor
[0.404s] DEBUG:colcon.colcon_parallel_executor.executor.parallel:run_until_complete
[0.404s] INFO:colcon.colcon_ros.task.ament_cmake.build:Building ROS package in '/home/jens/Documents/GitHub/Robotteknologi-4.-semester/ViconUdpConnection/src/my_cpp_pkg' with build type 'ament_cmake'
[0.405s] INFO:colcon.colcon_cmake.task.cmake.build:Building CMake package in '/home/jens/Documents/GitHub/Robotteknologi-4.-semester/ViconUdpConnection/src/my_cpp_pkg'
[0.408s] INFO:colcon.colcon_core.plugin_system:Skipping extension 'colcon_core.shell.bat': Not used on non-Windows systems
[0.408s] INFO:colcon.colcon_core.shell:Skip shell extension 'powershell' for command environment: Not usable outside of PowerShell
[0.409s] DEBUG:colcon.colcon_core.shell:Skip shell extension 'dsv' for command environment
[0.426s] DEBUG:colcon.colcon_core.event_handler.log_command:Invoking command in '/home/jens/Documents/GitHub/Robotteknologi-4.-semester/ViconUdpConnection/build/my_cpp_pkg': CMAKE_PREFIX_PATH=${CMAKE_PREFIX_PATH}:/opt/ros/jazzy DEBUGINFOD_URLS=https://debuginfod.ubuntu.com /usr/bin/cmake --build /home/jens/Documents/GitHub/Robotteknologi-4.-semester/ViconUdpConnection/build/my_cpp_pkg -- -j12 -l12
[7.871s] DEBUG:colcon.colcon_core.event_handler.log_command:Invoked command in '/home/jens/Documents/GitHub/Robotteknologi-4.-semester/ViconUdpConnection/build/my_cpp_pkg' returned '0': CMAKE_PREFIX_PATH=${CMAKE_PREFIX_PATH}:/opt/ros/jazzy DEBUGINFOD_URLS=https://debuginfod.ubuntu.com /usr/bin/cmake --build /home/jens/Documents/GitHub/Robotteknologi-4.-semester/ViconUdpConnection/build/my_cpp_pkg -- -j12 -l12
[7.885s] DEBUG:colcon.colcon_core.event_handler.log_command:Invoking command in '/home/jens/Documents/GitHub/Robotteknologi-4.-semester/ViconUdpConnection/build/my_cpp_pkg': CMAKE_PREFIX_PATH=${CMAKE_PREFIX_PATH}:/opt/ros/jazzy DEBUGINFOD_URLS=https://debuginfod.ubuntu.com /usr/bin/cmake --install /home/jens/Documents/GitHub/Robotteknologi-4.-semester/ViconUdpConnection/build/my_cpp_pkg
[7.902s] Level 1:colcon.colcon_core.environment:create_environment_scripts_only(my_cpp_pkg)
[7.903s] DEBUG:colcon.colcon_core.event_handler.log_command:Invoked command in '/home/jens/Documents/GitHub/Robotteknologi-4.-semester/ViconUdpConnection/build/my_cpp_pkg' returned '0': CMAKE_PREFIX_PATH=${CMAKE_PREFIX_PATH}:/opt/ros/jazzy DEBUGINFOD_URLS=https://debuginfod.ubuntu.com /usr/bin/cmake --install /home/jens/Documents/GitHub/Robotteknologi-4.-semester/ViconUdpConnection/build/my_cpp_pkg
[7.905s] Level 1:colcon.colcon_core.environment:checking '/home/jens/Documents/GitHub/Robotteknologi-4.-semester/ViconUdpConnection/install/my_cpp_pkg' for CMake module files
[7.906s] Level 1:colcon.colcon_core.environment:checking '/home/jens/Documents/GitHub/Robotteknologi-4.-semester/ViconUdpConnection/install/my_cpp_pkg' for CMake config files
[7.906s] Level 1:colcon.colcon_core.shell:create_environment_hook('my_cpp_pkg', 'cmake_prefix_path')
[7.906s] INFO:colcon.colcon_core.shell:Creating environment hook '/home/jens/Documents/GitHub/Robotteknologi-4.-semester/ViconUdpConnection/install/my_cpp_pkg/share/my_cpp_pkg/hook/cmake_prefix_path.ps1'
[7.907s] INFO:colcon.colcon_core.shell:Creating environment descriptor '/home/jens/Documents/GitHub/Robotteknologi-4.-semester/ViconUdpConnection/install/my_cpp_pkg/share/my_cpp_pkg/hook/cmake_prefix_path.dsv'
[7.907s] INFO:colcon.colcon_core.shell:Creating environment hook '/home/jens/Documents/GitHub/Robotteknologi-4.-semester/ViconUdpConnection/install/my_cpp_pkg/share/my_cpp_pkg/hook/cmake_prefix_path.sh'
[7.908s] Level 1:colcon.colcon_core.environment:checking '/home/jens/Documents/GitHub/Robotteknologi-4.-semester/ViconUdpConnection/install/my_cpp_pkg/lib'
[7.908s] Level 1:colcon.colcon_core.environment:checking '/home/jens/Documents/GitHub/Robotteknologi-4.-semester/ViconUdpConnection/install/my_cpp_pkg/bin'
[7.909s] Level 1:colcon.colcon_core.environment:checking '/home/jens/Documents/GitHub/Robotteknologi-4.-semester/ViconUdpConnection/install/my_cpp_pkg/lib/pkgconfig/my_cpp_pkg.pc'
[7.909s] Level 1:colcon.colcon_core.environment:checking '/home/jens/Documents/GitHub/Robotteknologi-4.-semester/ViconUdpConnection/install/my_cpp_pkg/lib/python3.12/site-packages'
[7.909s] Level 1:colcon.colcon_core.environment:checking '/home/jens/Documents/GitHub/Robotteknologi-4.-semester/ViconUdpConnection/install/my_cpp_pkg/bin'
[7.910s] INFO:colcon.colcon_core.shell:Creating package script '/home/jens/Documents/GitHub/Robotteknologi-4.-semester/ViconUdpConnection/install/my_cpp_pkg/share/my_cpp_pkg/package.ps1'
[7.910s] INFO:colcon.colcon_core.shell:Creating package descriptor '/home/jens/Documents/GitHub/Robotteknologi-4.-semester/ViconUdpConnection/install/my_cpp_pkg/share/my_cpp_pkg/package.dsv'
[7.911s] INFO:colcon.colcon_core.shell:Creating package script '/home/jens/Documents/GitHub/Robotteknologi-4.-semester/ViconUdpConnection/install/my_cpp_pkg/share/my_cpp_pkg/package.sh'
[7.912s] INFO:colcon.colcon_core.shell:Creating package script '/home/jens/Documents/GitHub/Robotteknologi-4.-semester/ViconUdpConnection/install/my_cpp_pkg/share/my_cpp_pkg/package.bash'
[7.912s] INFO:colcon.colcon_core.shell:Creating package script '/home/jens/Documents/GitHub/Robotteknologi-4.-semester/ViconUdpConnection/install/my_cpp_pkg/share/my_cpp_pkg/package.zsh'
[7.913s] Level 1:colcon.colcon_core.environment:create_file_with_runtime_dependencies(/home/jens/Documents/GitHub/Robotteknologi-4.-semester/ViconUdpConnection/install/my_cpp_pkg/share/colcon-core/packages/my_cpp_pkg)
[7.914s] Level 1:colcon.colcon_core.environment:create_environment_scripts_only(my_cpp_pkg)
[7.914s] Level 1:colcon.colcon_core.environment:checking '/home/jens/Documents/GitHub/Robotteknologi-4.-semester/ViconUdpConnection/install/my_cpp_pkg' for CMake module files
[7.914s] Level 1:colcon.colcon_core.environment:checking '/home/jens/Documents/GitHub/Robotteknologi-4.-semester/ViconUdpConnection/install/my_cpp_pkg' for CMake config files
[7.915s] Level 1:colcon.colcon_core.shell:create_environment_hook('my_cpp_pkg', 'cmake_prefix_path')
[7.915s] INFO:colcon.colcon_core.shell:Creating environment hook '/home/jens/Documents/GitHub/Robotteknologi-4.-semester/ViconUdpConnection/install/my_cpp_pkg/share/my_cpp_pkg/hook/cmake_prefix_path.ps1'
[7.915s] INFO:colcon.colcon_core.shell:Creating environment descriptor '/home/jens/Documents/GitHub/Robotteknologi-4.-semester/ViconUdpConnection/install/my_cpp_pkg/share/my_cpp_pkg/hook/cmake_prefix_path.dsv'
[7.916s] INFO:colcon.colcon_core.shell:Creating environment hook '/home/jens/Documents/GitHub/Robotteknologi-4.-semester/ViconUdpConnection/install/my_cpp_pkg/share/my_cpp_pkg/hook/cmake_prefix_path.sh'
[7.916s] Level 1:colcon.colcon_core.environment:checking '/home/jens/Documents/GitHub/Robotteknologi-4.-semester/ViconUdpConnection/install/my_cpp_pkg/lib'
[7.916s] Level 1:colcon.colcon_core.environment:checking '/home/jens/Documents/GitHub/Robotteknologi-4.-semester/ViconUdpConnection/install/my_cpp_pkg/bin'
[7.916s] Level 1:colcon.colcon_core.environment:checking '/home/jens/Documents/GitHub/Robotteknologi-4.-semester/ViconUdpConnection/install/my_cpp_pkg/lib/pkgconfig/my_cpp_pkg.pc'
[7.917s] Level 1:colcon.colcon_core.environment:checking '/home/jens/Documents/GitHub/Robotteknologi-4.-semester/ViconUdpConnection/install/my_cpp_pkg/lib/python3.12/site-packages'
[7.917s] Level 1:colcon.colcon_core.environment:checking '/home/jens/Documents/GitHub/Robotteknologi-4.-semester/ViconUdpConnection/install/my_cpp_pkg/bin'
[7.917s] INFO:colcon.colcon_core.shell:Creating package script '/home/jens/Documents/GitHub/Robotteknologi-4.-semester/ViconUdpConnection/install/my_cpp_pkg/share/my_cpp_pkg/package.ps1'
[7.918s] INFO:colcon.colcon_core.shell:Creating package descriptor '/home/jens/Documents/GitHub/Robotteknologi-4.-semester/ViconUdpConnection/install/my_cpp_pkg/share/my_cpp_pkg/package.dsv'
[7.918s] INFO:colcon.colcon_core.shell:Creating package script '/home/jens/Documents/GitHub/Robotteknologi-4.-semester/ViconUdpConnection/install/my_cpp_pkg/share/my_cpp_pkg/package.sh'
[7.919s] INFO:colcon.colcon_core.shell:Creating package script '/home/jens/Documents/GitHub/Robotteknologi-4.-semester/ViconUdpConnection/install/my_cpp_pkg/share/my_cpp_pkg/package.bash'
[7.919s] INFO:colcon.colcon_core.shell:Creating package script '/home/jens/Documents/GitHub/Robotteknologi-4.-semester/ViconUdpConnection/install/my_cpp_pkg/share/my_cpp_pkg/package.zsh'
[7.920s] Level 1:colcon.colcon_core.environment:create_file_with_runtime_dependencies(/home/jens/Documents/GitHub/Robotteknologi-4.-semester/ViconUdpConnection/install/my_cpp_pkg/share/colcon-core/packages/my_cpp_pkg)
[7.920s] DEBUG:colcon.colcon_parallel_executor.executor.parallel:closing loop
[7.921s] DEBUG:colcon.colcon_parallel_executor.executor.parallel:loop closed
[7.921s] DEBUG:colcon.colcon_parallel_executor.executor.parallel:run_until_complete finished with '0'
[7.921s] DEBUG:colcon.colcon_core.event_reactor:joining thread
[7.927s] INFO:colcon.colcon_core.plugin_system:Skipping extension 'colcon_notification.desktop_notification.terminal_notifier': Not used on non-Darwin systems
[7.927s] INFO:colcon.colcon_core.plugin_system:Skipping extension 'colcon_notification.desktop_notification.win32': Not used on non-Windows systems
[7.927s] INFO:colcon.colcon_notification.desktop_notification:Sending desktop notification using 'notify2'
[7.943s] DEBUG:colcon.colcon_core.event_reactor:joined thread
[7.943s] INFO:colcon.colcon_core.shell:Creating prefix script '/home/jens/Documents/GitHub/Robotteknologi-4.-semester/ViconUdpConnection/install/local_setup.ps1'
[7.944s] INFO:colcon.colcon_core.shell:Creating prefix util module '/home/jens/Documents/GitHub/Robotteknologi-4.-semester/ViconUdpConnection/install/_local_setup_util_ps1.py'
[7.945s] INFO:colcon.colcon_core.shell:Creating prefix chain script '/home/jens/Documents/GitHub/Robotteknologi-4.-semester/ViconUdpConnection/install/setup.ps1'
[7.947s] INFO:colcon.colcon_core.shell:Creating prefix script '/home/jens/Documents/GitHub/Robotteknologi-4.-semester/ViconUdpConnection/install/local_setup.sh'
[7.947s] INFO:colcon.colcon_core.shell:Creating prefix util module '/home/jens/Documents/GitHub/Robotteknologi-4.-semester/ViconUdpConnection/install/_local_setup_util_sh.py'
[7.948s] INFO:colcon.colcon_core.shell:Creating prefix chain script '/home/jens/Documents/GitHub/Robotteknologi-4.-semester/ViconUdpConnection/install/setup.sh'
[7.949s] INFO:colcon.colcon_core.shell:Creating prefix script '/home/jens/Documents/GitHub/Robotteknologi-4.-semester/ViconUdpConnection/install/local_setup.bash'
[7.950s] INFO:colcon.colcon_core.shell:Creating prefix chain script '/home/jens/Documents/GitHub/Robotteknologi-4.-semester/ViconUdpConnection/install/setup.bash'
[7.951s] INFO:colcon.colcon_core.shell:Creating prefix script '/home/jens/Documents/GitHub/Robotteknologi-4.-semester/ViconUdpConnection/install/local_setup.zsh'
[7.952s] INFO:colcon.colcon_core.shell:Creating prefix chain script '/home/jens/Documents/GitHub/Robotteknologi-4.-semester/ViconUdpConnection/install/setup.zsh'
