[0.019s] Invoking command in '/home/jens/Documents/GitHub/Robotteknologi-4.-semester/ViconUDPConnection/ViconUDPRecieverAndRosPublisherCpp/build/my_cpp_pkg': CMAKE_PREFIX_PATH=${CMAKE_PREFIX_PATH}:/opt/ros/jazzy DEBUGINFOD_URLS=https://debuginfod.ubuntu.com /usr/bin/cmake /home/jens/Documents/GitHub/Robotteknologi-4.-semester/ViconUDPConnection/ViconUDPRecieverAndRosPublisherCpp/src/my_cpp_pkg -DCMAKE_INSTALL_PREFIX=/home/jens/Documents/GitHub/Robotteknologi-4.-semester/ViconUDPConnection/ViconUDPRecieverAndRosPublisherCpp/install/my_cpp_pkg
[0.120s] -- The C compiler identification is GNU 13.3.0
[0.220s] -- The CXX compiler identification is GNU 13.3.0
[0.251s] -- Detecting C compiler ABI info
[0.428s] -- Detecting C compiler ABI info - done
[0.443s] -- Check for working C compiler: /usr/bin/cc - skipped
[0.443s] -- Detecting C compile features
[0.444s] -- Detecting C compile features - done
[0.462s] -- Detecting CXX compiler ABI info
[0.659s] -- Detecting CXX compiler ABI info - done
[0.675s] -- Check for working CXX compiler: /usr/bin/c++ - skipped
[0.675s] -- Detecting CXX compile features
[0.676s] -- Detecting CXX compile features - done
[0.686s] -- Found ament_cmake: 2.5.3 (/opt/ros/jazzy/share/ament_cmake/cmake)
[0.966s] -- Found Python3: /usr/bin/python3 (found version "3.12.3") found components: Interpreter 
[1.203s] -- Found rclcpp: 28.1.6 (/opt/ros/jazzy/share/rclcpp/cmake)
[1.316s] -- Found rosidl_generator_c: 4.6.5 (/opt/ros/jazzy/share/rosidl_generator_c/cmake)
[1.353s] -- Found rosidl_generator_cpp: 4.6.5 (/opt/ros/jazzy/share/rosidl_generator_cpp/cmake)
[1.393s] -- Using all available rosidl_typesupport_c: rosidl_typesupport_fastrtps_c;rosidl_typesupport_introspection_c
[1.437s] -- Using all available rosidl_typesupport_cpp: rosidl_typesupport_fastrtps_cpp;rosidl_typesupport_introspection_cpp
[1.617s] -- Found rmw_implementation_cmake: 7.3.1 (/opt/ros/jazzy/share/rmw_implementation_cmake/cmake)
[1.627s] -- Found rmw_fastrtps_cpp: 8.4.1 (/opt/ros/jazzy/share/rmw_fastrtps_cpp/cmake)
[1.818s] -- Found OpenSSL: /usr/lib/x86_64-linux-gnu/libcrypto.so (found version "3.0.13")  
[1.855s] -- Found FastRTPS: /opt/ros/jazzy/include (Required is at least version "2.13") 
[1.896s] -- Using RMW implementation 'rmw_fastrtps_cpp' as default
[2.055s] -- Found std_msgs: 5.3.5 (/opt/ros/jazzy/share/std_msgs/cmake)
[2.223s] -- Configuring done (2.2s)
[2.241s] -- Generating done (0.0s)
[2.247s] -- Build files have been written to: /home/jens/Documents/GitHub/Robotteknologi-4.-semester/ViconUDPConnection/ViconUDPRecieverAndRosPublisherCpp/build/my_cpp_pkg
[2.263s] Invoked command in '/home/jens/Documents/GitHub/Robotteknologi-4.-semester/ViconUDPConnection/ViconUDPRecieverAndRosPublisherCpp/build/my_cpp_pkg' returned '0': CMAKE_PREFIX_PATH=${CMAKE_PREFIX_PATH}:/opt/ros/jazzy DEBUGINFOD_URLS=https://debuginfod.ubuntu.com /usr/bin/cmake /home/jens/Documents/GitHub/Robotteknologi-4.-semester/ViconUDPConnection/ViconUDPRecieverAndRosPublisherCpp/src/my_cpp_pkg -DCMAKE_INSTALL_PREFIX=/home/jens/Documents/GitHub/Robotteknologi-4.-semester/ViconUDPConnection/ViconUDPRecieverAndRosPublisherCpp/install/my_cpp_pkg
[2.265s] Invoking command in '/home/jens/Documents/GitHub/Robotteknologi-4.-semester/ViconUDPConnection/ViconUDPRecieverAndRosPublisherCpp/build/my_cpp_pkg': CMAKE_PREFIX_PATH=${CMAKE_PREFIX_PATH}:/opt/ros/jazzy DEBUGINFOD_URLS=https://debuginfod.ubuntu.com /usr/bin/cmake --build /home/jens/Documents/GitHub/Robotteknologi-4.-semester/ViconUDPConnection/ViconUDPRecieverAndRosPublisherCpp/build/my_cpp_pkg -- -j12 -l12
[2.369s] [ 50%] [32mBuilding CXX object CMakeFiles/receiver.dir/src/Reciever.cpp.o[0m
[10.669s] [100%] [32m[1mLinking CXX executable receiver[0m
[10.850s] [100%] Built target receiver
[10.863s] Invoked command in '/home/jens/Documents/GitHub/Robotteknologi-4.-semester/ViconUDPConnection/ViconUDPRecieverAndRosPublisherCpp/build/my_cpp_pkg' returned '0': CMAKE_PREFIX_PATH=${CMAKE_PREFIX_PATH}:/opt/ros/jazzy DEBUGINFOD_URLS=https://debuginfod.ubuntu.com /usr/bin/cmake --build /home/jens/Documents/GitHub/Robotteknologi-4.-semester/ViconUDPConnection/ViconUDPRecieverAndRosPublisherCpp/build/my_cpp_pkg -- -j12 -l12
[10.872s] Invoking command in '/home/jens/Documents/GitHub/Robotteknologi-4.-semester/ViconUDPConnection/ViconUDPRecieverAndRosPublisherCpp/build/my_cpp_pkg': CMAKE_PREFIX_PATH=${CMAKE_PREFIX_PATH}:/opt/ros/jazzy DEBUGINFOD_URLS=https://debuginfod.ubuntu.com /usr/bin/cmake --install /home/jens/Documents/GitHub/Robotteknologi-4.-semester/ViconUDPConnection/ViconUDPRecieverAndRosPublisherCpp/build/my_cpp_pkg
[10.880s] -- Install configuration: ""
[10.880s] -- Installing: /home/jens/Documents/GitHub/Robotteknologi-4.-semester/ViconUDPConnection/ViconUDPRecieverAndRosPublisherCpp/install/my_cpp_pkg/lib/my_cpp_pkg/receiver
[10.882s] -- Set non-toolchain portion of runtime path of "/home/jens/Documents/GitHub/Robotteknologi-4.-semester/ViconUDPConnection/ViconUDPRecieverAndRosPublisherCpp/install/my_cpp_pkg/lib/my_cpp_pkg/receiver" to ""
[10.882s] -- Installing: /home/jens/Documents/GitHub/Robotteknologi-4.-semester/ViconUDPConnection/ViconUDPRecieverAndRosPublisherCpp/install/my_cpp_pkg/share/ament_index/resource_index/package_run_dependencies/my_cpp_pkg
[10.882s] -- Installing: /home/jens/Documents/GitHub/Robotteknologi-4.-semester/ViconUDPConnection/ViconUDPRecieverAndRosPublisherCpp/install/my_cpp_pkg/share/ament_index/resource_index/parent_prefix_path/my_cpp_pkg
[10.882s] -- Installing: /home/jens/Documents/GitHub/Robotteknologi-4.-semester/ViconUDPConnection/ViconUDPRecieverAndRosPublisherCpp/install/my_cpp_pkg/share/my_cpp_pkg/environment/ament_prefix_path.sh
[10.883s] -- Installing: /home/jens/Documents/GitHub/Robotteknologi-4.-semester/ViconUDPConnection/ViconUDPRecieverAndRosPublisherCpp/install/my_cpp_pkg/share/my_cpp_pkg/environment/ament_prefix_path.dsv
[10.883s] -- Installing: /home/jens/Documents/GitHub/Robotteknologi-4.-semester/ViconUDPConnection/ViconUDPRecieverAndRosPublisherCpp/install/my_cpp_pkg/share/my_cpp_pkg/environment/path.sh
[10.883s] -- Installing: /home/jens/Documents/GitHub/Robotteknologi-4.-semester/ViconUDPConnection/ViconUDPRecieverAndRosPublisherCpp/install/my_cpp_pkg/share/my_cpp_pkg/environment/path.dsv
[10.883s] -- Installing: /home/jens/Documents/GitHub/Robotteknologi-4.-semester/ViconUDPConnection/ViconUDPRecieverAndRosPublisherCpp/install/my_cpp_pkg/share/my_cpp_pkg/local_setup.bash
[10.883s] -- Installing: /home/jens/Documents/GitHub/Robotteknologi-4.-semester/ViconUDPConnection/ViconUDPRecieverAndRosPublisherCpp/install/my_cpp_pkg/share/my_cpp_pkg/local_setup.sh
[10.883s] -- Installing: /home/jens/Documents/GitHub/Robotteknologi-4.-semester/ViconUDPConnection/ViconUDPRecieverAndRosPublisherCpp/install/my_cpp_pkg/share/my_cpp_pkg/local_setup.zsh
[10.884s] -- Installing: /home/jens/Documents/GitHub/Robotteknologi-4.-semester/ViconUDPConnection/ViconUDPRecieverAndRosPublisherCpp/install/my_cpp_pkg/share/my_cpp_pkg/local_setup.dsv
[10.884s] -- Installing: /home/jens/Documents/GitHub/Robotteknologi-4.-semester/ViconUDPConnection/ViconUDPRecieverAndRosPublisherCpp/install/my_cpp_pkg/share/my_cpp_pkg/package.dsv
[10.884s] -- Installing: /home/jens/Documents/GitHub/Robotteknologi-4.-semester/ViconUDPConnection/ViconUDPRecieverAndRosPublisherCpp/install/my_cpp_pkg/share/ament_index/resource_index/packages/my_cpp_pkg
[10.884s] -- Installing: /home/jens/Documents/GitHub/Robotteknologi-4.-semester/ViconUDPConnection/ViconUDPRecieverAndRosPublisherCpp/install/my_cpp_pkg/share/my_cpp_pkg/cmake/my_cpp_pkgConfig.cmake
[10.884s] -- Installing: /home/jens/Documents/GitHub/Robotteknologi-4.-semester/ViconUDPConnection/ViconUDPRecieverAndRosPublisherCpp/install/my_cpp_pkg/share/my_cpp_pkg/cmake/my_cpp_pkgConfig-version.cmake
[10.884s] -- Installing: /home/jens/Documents/GitHub/Robotteknologi-4.-semester/ViconUDPConnection/ViconUDPRecieverAndRosPublisherCpp/install/my_cpp_pkg/share/my_cpp_pkg/package.xml
[10.886s] Invoked command in '/home/jens/Documents/GitHub/Robotteknologi-4.-semester/ViconUDPConnection/ViconUDPRecieverAndRosPublisherCpp/build/my_cpp_pkg' returned '0': CMAKE_PREFIX_PATH=${CMAKE_PREFIX_PATH}:/opt/ros/jazzy DEBUGINFOD_URLS=https://debuginfod.ubuntu.com /usr/bin/cmake --install /home/jens/Documents/GitHub/Robotteknologi-4.-semester/ViconUDPConnection/ViconUDPRecieverAndRosPublisherCpp/build/my_cpp_pkg
