[0.129s] DEBUG:colcon:Command line arguments: ['/usr/bin/colcon', 'list', '-p', '--base-paths', '/home/jens/Documents/GitHub/Robotteknologi-4.-semester/ViconUdpConnection']
[0.129s] DEBUG:colcon:Parsed command line arguments: Namespace(log_base=None, log_level=None, verb_name='list', build_base='build', ignore_user_meta=False, metas=['./colcon.meta'], base_paths=['/home/jens/Documents/GitHub/Robotteknologi-4.-semester/ViconUdpConnection'], packages_ignore=None, packages_ignore_regex=None, paths=None, packages_up_to=None, packages_up_to_regex=None, packages_above=None, packages_above_and_dependencies=None, packages_above_depth=None, packages_select_by_dep=None, packages_skip_by_dep=None, packages_skip_up_to=None, packages_select_build_failed=False, packages_skip_build_finished=False, packages_select_test_failures=False, packages_skip_test_passed=False, packages_select=None, packages_skip=None, packages_select_regex=None, packages_skip_regex=None, packages_start=None, packages_end=None, allow_overriding=[], topological_order=False, names_only=False, paths_only=True, topological_graph=False, topological_graph_dot=False, topological_graph_density=False, topological_graph_legend=False, topological_graph_dot_cluster=False, topological_graph_dot_include_skipped=False, mixin_files=None, mixin=None, verb_parser=<colcon_mixin.mixin.mixin_argument.MixinArgumentDecorator object at 0x7026fa077dd0>, verb_extension=<colcon_package_information.verb.list.ListVerb object at 0x7026fa076ff0>, main=<bound method ListVerb.main of <colcon_package_information.verb.list.ListVerb object at 0x7026fa076ff0>>, mixin_verb=('list',))
[0.182s] Level 1:colcon.colcon_core.package_discovery:discover_packages(colcon_meta) check parameters
[0.182s] Level 1:colcon.colcon_core.package_discovery:discover_packages(recursive) check parameters
[0.182s] Level 1:colcon.colcon_core.package_discovery:discover_packages(ignore) check parameters
[0.182s] Level 1:colcon.colcon_core.package_discovery:discover_packages(path) check parameters
[0.182s] Level 1:colcon.colcon_core.package_discovery:discover_packages(recursive) discover
[0.182s] INFO:colcon.colcon_core.package_discovery:Crawling recursively for packages in '/home/jens/Documents/GitHub/Robotteknologi-4.-semester/ViconUdpConnection'
[0.182s] Level 1:colcon.colcon_core.package_identification:_identify(/home/jens/Documents/GitHub/Robotteknologi-4.-semester/ViconUdpConnection) by extensions ['ignore', 'ignore_ament_install']
[0.182s] Level 1:colcon.colcon_core.package_identification:_identify(/home/jens/Documents/GitHub/Robotteknologi-4.-semester/ViconUdpConnection) by extension 'ignore'
[0.183s] Level 1:colcon.colcon_core.package_identification:_identify(/home/jens/Documents/GitHub/Robotteknologi-4.-semester/ViconUdpConnection) by extension 'ignore_ament_install'
[0.183s] Level 1:colcon.colcon_core.package_identification:_identify(/home/jens/Documents/GitHub/Robotteknologi-4.-semester/ViconUdpConnection) by extensions ['colcon_pkg']
[0.183s] Level 1:colcon.colcon_core.package_identification:_identify(/home/jens/Documents/GitHub/Robotteknologi-4.-semester/ViconUdpConnection) by extension 'colcon_pkg'
[0.183s] Level 1:colcon.colcon_core.package_identification:_identify(/home/jens/Documents/GitHub/Robotteknologi-4.-semester/ViconUdpConnection) by extensions ['colcon_meta']
[0.183s] Level 1:colcon.colcon_core.package_identification:_identify(/home/jens/Documents/GitHub/Robotteknologi-4.-semester/ViconUdpConnection) by extension 'colcon_meta'
[0.183s] Level 1:colcon.colcon_core.package_identification:_identify(/home/jens/Documents/GitHub/Robotteknologi-4.-semester/ViconUdpConnection) by extensions ['ros']
[0.183s] Level 1:colcon.colcon_core.package_identification:_identify(/home/jens/Documents/GitHub/Robotteknologi-4.-semester/ViconUdpConnection) by extension 'ros'
[0.213s] Level 1:colcon.colcon_core.package_identification:_identify(/home/jens/Documents/GitHub/Robotteknologi-4.-semester/ViconUdpConnection) by extensions ['cmake', 'python']
[0.214s] Level 1:colcon.colcon_core.package_identification:_identify(/home/jens/Documents/GitHub/Robotteknologi-4.-semester/ViconUdpConnection) by extension 'cmake'
[0.214s] Level 1:colcon.colcon_core.package_identification:_identify(/home/jens/Documents/GitHub/Robotteknologi-4.-semester/ViconUdpConnection) by extension 'python'
[0.214s] Level 1:colcon.colcon_core.package_identification:_identify(/home/jens/Documents/GitHub/Robotteknologi-4.-semester/ViconUdpConnection) by extensions ['python_setup_py']
[0.214s] Level 1:colcon.colcon_core.package_identification:_identify(/home/jens/Documents/GitHub/Robotteknologi-4.-semester/ViconUdpConnection) by extension 'python_setup_py'
[0.214s] Level 1:colcon.colcon_core.package_identification:_identify(/home/jens/Documents/GitHub/Robotteknologi-4.-semester/ViconUdpConnection/build) by extensions ['ignore', 'ignore_ament_install']
[0.214s] Level 1:colcon.colcon_core.package_identification:_identify(/home/jens/Documents/GitHub/Robotteknologi-4.-semester/ViconUdpConnection/build) by extension 'ignore'
[0.214s] Level 1:colcon.colcon_core.package_identification:_identify(/home/jens/Documents/GitHub/Robotteknologi-4.-semester/ViconUdpConnection/build) ignored
[0.214s] Level 1:colcon.colcon_core.package_identification:_identify(/home/jens/Documents/GitHub/Robotteknologi-4.-semester/ViconUdpConnection/install) by extensions ['ignore', 'ignore_ament_install']
[0.214s] Level 1:colcon.colcon_core.package_identification:_identify(/home/jens/Documents/GitHub/Robotteknologi-4.-semester/ViconUdpConnection/install) by extension 'ignore'
[0.214s] Level 1:colcon.colcon_core.package_identification:_identify(/home/jens/Documents/GitHub/Robotteknologi-4.-semester/ViconUdpConnection/install) ignored
[0.214s] Level 1:colcon.colcon_core.package_identification:_identify(/home/jens/Documents/GitHub/Robotteknologi-4.-semester/ViconUdpConnection/log) by extensions ['ignore', 'ignore_ament_install']
[0.214s] Level 1:colcon.colcon_core.package_identification:_identify(/home/jens/Documents/GitHub/Robotteknologi-4.-semester/ViconUdpConnection/log) by extension 'ignore'
[0.215s] Level 1:colcon.colcon_core.package_identification:_identify(/home/jens/Documents/GitHub/Robotteknologi-4.-semester/ViconUdpConnection/log) ignored
[0.215s] Level 1:colcon.colcon_core.package_identification:_identify(/home/jens/Documents/GitHub/Robotteknologi-4.-semester/ViconUdpConnection/src) by extensions ['ignore', 'ignore_ament_install']
[0.215s] Level 1:colcon.colcon_core.package_identification:_identify(/home/jens/Documents/GitHub/Robotteknologi-4.-semester/ViconUdpConnection/src) by extension 'ignore'
[0.215s] Level 1:colcon.colcon_core.package_identification:_identify(/home/jens/Documents/GitHub/Robotteknologi-4.-semester/ViconUdpConnection/src) by extension 'ignore_ament_install'
[0.215s] Level 1:colcon.colcon_core.package_identification:_identify(/home/jens/Documents/GitHub/Robotteknologi-4.-semester/ViconUdpConnection/src) by extensions ['colcon_pkg']
[0.215s] Level 1:colcon.colcon_core.package_identification:_identify(/home/jens/Documents/GitHub/Robotteknologi-4.-semester/ViconUdpConnection/src) by extension 'colcon_pkg'
[0.215s] Level 1:colcon.colcon_core.package_identification:_identify(/home/jens/Documents/GitHub/Robotteknologi-4.-semester/ViconUdpConnection/src) by extensions ['colcon_meta']
[0.215s] Level 1:colcon.colcon_core.package_identification:_identify(/home/jens/Documents/GitHub/Robotteknologi-4.-semester/ViconUdpConnection/src) by extension 'colcon_meta'
[0.215s] Level 1:colcon.colcon_core.package_identification:_identify(/home/jens/Documents/GitHub/Robotteknologi-4.-semester/ViconUdpConnection/src) by extensions ['ros']
[0.215s] Level 1:colcon.colcon_core.package_identification:_identify(/home/jens/Documents/GitHub/Robotteknologi-4.-semester/ViconUdpConnection/src) by extension 'ros'
[0.215s] Level 1:colcon.colcon_core.package_identification:_identify(/home/jens/Documents/GitHub/Robotteknologi-4.-semester/ViconUdpConnection/src) by extensions ['cmake', 'python']
[0.215s] Level 1:colcon.colcon_core.package_identification:_identify(/home/jens/Documents/GitHub/Robotteknologi-4.-semester/ViconUdpConnection/src) by extension 'cmake'
[0.215s] Level 1:colcon.colcon_core.package_identification:_identify(/home/jens/Documents/GitHub/Robotteknologi-4.-semester/ViconUdpConnection/src) by extension 'python'
[0.215s] Level 1:colcon.colcon_core.package_identification:_identify(/home/jens/Documents/GitHub/Robotteknologi-4.-semester/ViconUdpConnection/src) by extensions ['python_setup_py']
[0.215s] Level 1:colcon.colcon_core.package_identification:_identify(/home/jens/Documents/GitHub/Robotteknologi-4.-semester/ViconUdpConnection/src) by extension 'python_setup_py'
[0.215s] Level 1:colcon.colcon_core.package_identification:_identify(/home/jens/Documents/GitHub/Robotteknologi-4.-semester/ViconUdpConnection/src/my_cpp_pkg) by extensions ['ignore', 'ignore_ament_install']
[0.215s] Level 1:colcon.colcon_core.package_identification:_identify(/home/jens/Documents/GitHub/Robotteknologi-4.-semester/ViconUdpConnection/src/my_cpp_pkg) by extension 'ignore'
[0.215s] Level 1:colcon.colcon_core.package_identification:_identify(/home/jens/Documents/GitHub/Robotteknologi-4.-semester/ViconUdpConnection/src/my_cpp_pkg) by extension 'ignore_ament_install'
[0.216s] Level 1:colcon.colcon_core.package_identification:_identify(/home/jens/Documents/GitHub/Robotteknologi-4.-semester/ViconUdpConnection/src/my_cpp_pkg) by extensions ['colcon_pkg']
[0.216s] Level 1:colcon.colcon_core.package_identification:_identify(/home/jens/Documents/GitHub/Robotteknologi-4.-semester/ViconUdpConnection/src/my_cpp_pkg) by extension 'colcon_pkg'
[0.216s] Level 1:colcon.colcon_core.package_identification:_identify(/home/jens/Documents/GitHub/Robotteknologi-4.-semester/ViconUdpConnection/src/my_cpp_pkg) by extensions ['colcon_meta']
[0.216s] Level 1:colcon.colcon_core.package_identification:_identify(/home/jens/Documents/GitHub/Robotteknologi-4.-semester/ViconUdpConnection/src/my_cpp_pkg) by extension 'colcon_meta'
[0.216s] Level 1:colcon.colcon_core.package_identification:_identify(/home/jens/Documents/GitHub/Robotteknologi-4.-semester/ViconUdpConnection/src/my_cpp_pkg) by extensions ['ros']
[0.216s] Level 1:colcon.colcon_core.package_identification:_identify(/home/jens/Documents/GitHub/Robotteknologi-4.-semester/ViconUdpConnection/src/my_cpp_pkg) by extension 'ros'
[0.218s] DEBUG:colcon.colcon_core.package_identification:Package '/home/jens/Documents/GitHub/Robotteknologi-4.-semester/ViconUdpConnection/src/my_cpp_pkg' with type 'ros.ament_cmake' and name 'my_cpp_pkg'
[0.218s] Level 1:colcon.colcon_core.package_discovery:discover_packages(recursive) using defaults
